                              1 ;--------------------------------------------------------
                              2 ; File Created by SDCC : free open source ANSI-C Compiler
                              3 ; Version 3.3.0 #8604 (May 11 2013) (Linux)
                              4 ; This file was generated Sun Nov 24 17:43:01 2013
                              5 ;--------------------------------------------------------
                              6 	.module bootloader
                              7 	.optsdcc -mmcs51 --model-small
                              8 	
                              9 ;--------------------------------------------------------
                             10 ; Public variables in this module
                             11 ;--------------------------------------------------------
                             12 	.globl _bl_main
                             13 	.globl _cin
                             14 	.globl _cout
                             15 	.globl _flash_read_byte
                             16 	.globl _flash_write_byte
                             17 	.globl _flash_erase_scratch
                             18 	.globl _flash_erase_app
                             19 	.globl _flash_app_valid
                             20 	.globl _NSS1
                             21 	.globl _IRQ
                             22 	.globl _PIN_ENABLE
                             23 	.globl _PIN_CONFIG
                             24 	.globl _LED_GREEN
                             25 	.globl _LED_RED
                             26 	.globl _SPI0EN
                             27 	.globl _TXBMT0
                             28 	.globl _NSS0MD0
                             29 	.globl _NSS0MD1
                             30 	.globl _RXOVRN0
                             31 	.globl _MODF0
                             32 	.globl _WCOL0
                             33 	.globl _SPIF0
                             34 	.globl _AD0CM0
                             35 	.globl _AD0CM1
                             36 	.globl _AD0CM2
                             37 	.globl _AD0WINT
                             38 	.globl _AD0BUSY
                             39 	.globl _AD0INT
                             40 	.globl _BURSTEN
                             41 	.globl _AD0EN
                             42 	.globl _CCF0
                             43 	.globl _CCF1
                             44 	.globl _CCF2
                             45 	.globl _CCF3
                             46 	.globl _CCF4
                             47 	.globl _CCF5
                             48 	.globl _CR
                             49 	.globl _CF
                             50 	.globl _P
                             51 	.globl _F1
                             52 	.globl _OV
                             53 	.globl _RS0
                             54 	.globl _RS1
                             55 	.globl _F0
                             56 	.globl _AC
                             57 	.globl _CY
                             58 	.globl _T2XCLK
                             59 	.globl _T2RCLK
                             60 	.globl _TR2
                             61 	.globl _T2SPLIT
                             62 	.globl _TF2CEN
                             63 	.globl _TF2LEN
                             64 	.globl _TF2L
                             65 	.globl _TF2H
                             66 	.globl _SI
                             67 	.globl _ACK
                             68 	.globl _ARBLOST
                             69 	.globl _ACKRQ
                             70 	.globl _STO
                             71 	.globl _STA
                             72 	.globl _TXMODE
                             73 	.globl _MASTER
                             74 	.globl _PX0
                             75 	.globl _PT0
                             76 	.globl _PX1
                             77 	.globl _PT1
                             78 	.globl _PS0
                             79 	.globl _PT2
                             80 	.globl _PSPI0
                             81 	.globl _SPI1EN
                             82 	.globl _TXBMT1
                             83 	.globl _NSS1MD0
                             84 	.globl _NSS1MD1
                             85 	.globl _RXOVRN1
                             86 	.globl _MODF1
                             87 	.globl _WCOL1
                             88 	.globl _SPIF1
                             89 	.globl _EX0
                             90 	.globl _ET0
                             91 	.globl _EX1
                             92 	.globl _ET1
                             93 	.globl _ES0
                             94 	.globl _ET2
                             95 	.globl _ESPI0
                             96 	.globl _EA
                             97 	.globl _RI0
                             98 	.globl _TI0
                             99 	.globl _RB80
                            100 	.globl _TB80
                            101 	.globl _REN0
                            102 	.globl _MCE0
                            103 	.globl _S0MODE
                            104 	.globl _CRC0VAL
                            105 	.globl _CRC0INIT
                            106 	.globl _CRC0SEL
                            107 	.globl _IT0
                            108 	.globl _IE0
                            109 	.globl _IT1
                            110 	.globl _IE1
                            111 	.globl _TR0
                            112 	.globl _TF0
                            113 	.globl _TR1
                            114 	.globl _TF1
                            115 	.globl _PCA0CP4
                            116 	.globl _PCA0CP0
                            117 	.globl _PCA0
                            118 	.globl _PCA0CP3
                            119 	.globl _PCA0CP2
                            120 	.globl _PCA0CP1
                            121 	.globl _PCA0CP5
                            122 	.globl _TMR2
                            123 	.globl _TMR2RL
                            124 	.globl _ADC0LT
                            125 	.globl _ADC0GT
                            126 	.globl _ADC0
                            127 	.globl _TMR3
                            128 	.globl _TMR3RL
                            129 	.globl _TOFF
                            130 	.globl _DP
                            131 	.globl _VDM0CN
                            132 	.globl _PCA0CPH4
                            133 	.globl _PCA0CPL4
                            134 	.globl _PCA0CPH0
                            135 	.globl _PCA0CPL0
                            136 	.globl _PCA0H
                            137 	.globl _PCA0L
                            138 	.globl _SPI0CN
                            139 	.globl _EIP2
                            140 	.globl _EIP1
                            141 	.globl _SMB0ADM
                            142 	.globl _SMB0ADR
                            143 	.globl _P2MDIN
                            144 	.globl _P1MDIN
                            145 	.globl _P0MDIN
                            146 	.globl _B
                            147 	.globl _RSTSRC
                            148 	.globl _PCA0CPH3
                            149 	.globl _PCA0CPL3
                            150 	.globl _PCA0CPH2
                            151 	.globl _PCA0CPL2
                            152 	.globl _PCA0CPH1
                            153 	.globl _PCA0CPL1
                            154 	.globl _ADC0CN
                            155 	.globl _EIE2
                            156 	.globl _EIE1
                            157 	.globl _FLWR
                            158 	.globl _IT01CF
                            159 	.globl _XBR2
                            160 	.globl _XBR1
                            161 	.globl _XBR0
                            162 	.globl _ACC
                            163 	.globl _PCA0PWM
                            164 	.globl _PCA0CPM4
                            165 	.globl _PCA0CPM3
                            166 	.globl _PCA0CPM2
                            167 	.globl _PCA0CPM1
                            168 	.globl _PCA0CPM0
                            169 	.globl _PCA0MD
                            170 	.globl _PCA0CN
                            171 	.globl _P0MAT
                            172 	.globl _P2SKIP
                            173 	.globl _P1SKIP
                            174 	.globl _P0SKIP
                            175 	.globl _PCA0CPH5
                            176 	.globl _PCA0CPL5
                            177 	.globl _REF0CN
                            178 	.globl _PSW
                            179 	.globl _P1MAT
                            180 	.globl _PCA0CPM5
                            181 	.globl _TMR2H
                            182 	.globl _TMR2L
                            183 	.globl _TMR2RLH
                            184 	.globl _TMR2RLL
                            185 	.globl _REG0CN
                            186 	.globl _TMR2CN
                            187 	.globl _P0MASK
                            188 	.globl _ADC0LTH
                            189 	.globl _ADC0LTL
                            190 	.globl _ADC0GTH
                            191 	.globl _ADC0GTL
                            192 	.globl _SMB0DAT
                            193 	.globl _SMB0CF
                            194 	.globl _SMB0CN
                            195 	.globl _P1MASK
                            196 	.globl _ADC0H
                            197 	.globl _ADC0L
                            198 	.globl _ADC0TK
                            199 	.globl _ADC0CF
                            200 	.globl _ADC0MX
                            201 	.globl _ADC0PWR
                            202 	.globl _ADC0AC
                            203 	.globl _IREF0CN
                            204 	.globl _IP
                            205 	.globl _FLKEY
                            206 	.globl _FLSCL
                            207 	.globl _PMU0CF
                            208 	.globl _OSCICL
                            209 	.globl _OSCICN
                            210 	.globl _OSCXCN
                            211 	.globl _SPI1CN
                            212 	.globl _ONESHOT
                            213 	.globl _EMI0TC
                            214 	.globl _RTC0KEY
                            215 	.globl _RTC0DAT
                            216 	.globl _RTC0ADR
                            217 	.globl _EMI0CF
                            218 	.globl _EMI0CN
                            219 	.globl _CLKSEL
                            220 	.globl _IE
                            221 	.globl _SFRPAGE
                            222 	.globl _P2DRV
                            223 	.globl _P2MDOUT
                            224 	.globl _P1DRV
                            225 	.globl _P1MDOUT
                            226 	.globl _P0DRV
                            227 	.globl _P0MDOUT
                            228 	.globl _SPI0DAT
                            229 	.globl _SPI0CKR
                            230 	.globl _SPI0CFG
                            231 	.globl _P2
                            232 	.globl _CPT0MX
                            233 	.globl _CPT1MX
                            234 	.globl _CPT0MD
                            235 	.globl _CPT1MD
                            236 	.globl _CPT0CN
                            237 	.globl _CPT1CN
                            238 	.globl _SBUF0
                            239 	.globl _SCON0
                            240 	.globl _CRC0CNT
                            241 	.globl _DC0CN
                            242 	.globl _CRC0AUTO
                            243 	.globl _DC0CF
                            244 	.globl _TMR3H
                            245 	.globl _CRC0FLIP
                            246 	.globl _TMR3L
                            247 	.globl _CRC0IN
                            248 	.globl _TMR3RLH
                            249 	.globl _CRC0CN
                            250 	.globl _TMR3RLL
                            251 	.globl _CRC0DAT
                            252 	.globl _TMR3CN
                            253 	.globl _P1
                            254 	.globl _PSCTL
                            255 	.globl _CKCON
                            256 	.globl _TH1
                            257 	.globl _TH0
                            258 	.globl _TL1
                            259 	.globl _TL0
                            260 	.globl _TMOD
                            261 	.globl _TCON
                            262 	.globl _PCON
                            263 	.globl _TOFFH
                            264 	.globl _SPI1DAT
                            265 	.globl _TOFFL
                            266 	.globl _SPI1CKR
                            267 	.globl _SPI1CFG
                            268 	.globl _DPH
                            269 	.globl _DPL
                            270 	.globl _SP
                            271 	.globl _P0
                            272 	.globl _app_valid
                            273 	.globl _debounce_count
                            274 	.globl _reset_source
                            275 	.globl _buf
                            276 ;--------------------------------------------------------
                            277 ; special function registers
                            278 ;--------------------------------------------------------
                            279 	.area RSEG    (ABS,DATA)
   0000                     280 	.org 0x0000
                     0080   281 _P0	=	0x0080
                     0081   282 _SP	=	0x0081
                     0082   283 _DPL	=	0x0082
                     0083   284 _DPH	=	0x0083
                     0084   285 _SPI1CFG	=	0x0084
                     0085   286 _SPI1CKR	=	0x0085
                     0085   287 _TOFFL	=	0x0085
                     0086   288 _SPI1DAT	=	0x0086
                     0086   289 _TOFFH	=	0x0086
                     0087   290 _PCON	=	0x0087
                     0088   291 _TCON	=	0x0088
                     0089   292 _TMOD	=	0x0089
                     008A   293 _TL0	=	0x008a
                     008B   294 _TL1	=	0x008b
                     008C   295 _TH0	=	0x008c
                     008D   296 _TH1	=	0x008d
                     008E   297 _CKCON	=	0x008e
                     008F   298 _PSCTL	=	0x008f
                     0090   299 _P1	=	0x0090
                     0091   300 _TMR3CN	=	0x0091
                     0091   301 _CRC0DAT	=	0x0091
                     0092   302 _TMR3RLL	=	0x0092
                     0092   303 _CRC0CN	=	0x0092
                     0093   304 _TMR3RLH	=	0x0093
                     0093   305 _CRC0IN	=	0x0093
                     0094   306 _TMR3L	=	0x0094
                     0095   307 _CRC0FLIP	=	0x0095
                     0095   308 _TMR3H	=	0x0095
                     0096   309 _DC0CF	=	0x0096
                     0096   310 _CRC0AUTO	=	0x0096
                     0097   311 _DC0CN	=	0x0097
                     0097   312 _CRC0CNT	=	0x0097
                     0098   313 _SCON0	=	0x0098
                     0099   314 _SBUF0	=	0x0099
                     009A   315 _CPT1CN	=	0x009a
                     009B   316 _CPT0CN	=	0x009b
                     009C   317 _CPT1MD	=	0x009c
                     009D   318 _CPT0MD	=	0x009d
                     009E   319 _CPT1MX	=	0x009e
                     009F   320 _CPT0MX	=	0x009f
                     00A0   321 _P2	=	0x00a0
                     00A1   322 _SPI0CFG	=	0x00a1
                     00A2   323 _SPI0CKR	=	0x00a2
                     00A3   324 _SPI0DAT	=	0x00a3
                     00A4   325 _P0MDOUT	=	0x00a4
                     00A4   326 _P0DRV	=	0x00a4
                     00A5   327 _P1MDOUT	=	0x00a5
                     00A5   328 _P1DRV	=	0x00a5
                     00A6   329 _P2MDOUT	=	0x00a6
                     00A6   330 _P2DRV	=	0x00a6
                     00A7   331 _SFRPAGE	=	0x00a7
                     00A8   332 _IE	=	0x00a8
                     00A9   333 _CLKSEL	=	0x00a9
                     00AA   334 _EMI0CN	=	0x00aa
                     00AB   335 _EMI0CF	=	0x00ab
                     00AC   336 _RTC0ADR	=	0x00ac
                     00AD   337 _RTC0DAT	=	0x00ad
                     00AE   338 _RTC0KEY	=	0x00ae
                     00AF   339 _EMI0TC	=	0x00af
                     00AF   340 _ONESHOT	=	0x00af
                     00B0   341 _SPI1CN	=	0x00b0
                     00B1   342 _OSCXCN	=	0x00b1
                     00B2   343 _OSCICN	=	0x00b2
                     00B3   344 _OSCICL	=	0x00b3
                     00B5   345 _PMU0CF	=	0x00b5
                     00B6   346 _FLSCL	=	0x00b6
                     00B7   347 _FLKEY	=	0x00b7
                     00B8   348 _IP	=	0x00b8
                     00B9   349 _IREF0CN	=	0x00b9
                     00BA   350 _ADC0AC	=	0x00ba
                     00BA   351 _ADC0PWR	=	0x00ba
                     00BB   352 _ADC0MX	=	0x00bb
                     00BC   353 _ADC0CF	=	0x00bc
                     00BD   354 _ADC0TK	=	0x00bd
                     00BD   355 _ADC0L	=	0x00bd
                     00BE   356 _ADC0H	=	0x00be
                     00BF   357 _P1MASK	=	0x00bf
                     00C0   358 _SMB0CN	=	0x00c0
                     00C1   359 _SMB0CF	=	0x00c1
                     00C2   360 _SMB0DAT	=	0x00c2
                     00C3   361 _ADC0GTL	=	0x00c3
                     00C4   362 _ADC0GTH	=	0x00c4
                     00C5   363 _ADC0LTL	=	0x00c5
                     00C6   364 _ADC0LTH	=	0x00c6
                     00C7   365 _P0MASK	=	0x00c7
                     00C8   366 _TMR2CN	=	0x00c8
                     00C9   367 _REG0CN	=	0x00c9
                     00CA   368 _TMR2RLL	=	0x00ca
                     00CB   369 _TMR2RLH	=	0x00cb
                     00CC   370 _TMR2L	=	0x00cc
                     00CD   371 _TMR2H	=	0x00cd
                     00CE   372 _PCA0CPM5	=	0x00ce
                     00CF   373 _P1MAT	=	0x00cf
                     00D0   374 _PSW	=	0x00d0
                     00D1   375 _REF0CN	=	0x00d1
                     00D2   376 _PCA0CPL5	=	0x00d2
                     00D3   377 _PCA0CPH5	=	0x00d3
                     00D4   378 _P0SKIP	=	0x00d4
                     00D5   379 _P1SKIP	=	0x00d5
                     00D6   380 _P2SKIP	=	0x00d6
                     00D7   381 _P0MAT	=	0x00d7
                     00D8   382 _PCA0CN	=	0x00d8
                     00D9   383 _PCA0MD	=	0x00d9
                     00DA   384 _PCA0CPM0	=	0x00da
                     00DB   385 _PCA0CPM1	=	0x00db
                     00DC   386 _PCA0CPM2	=	0x00dc
                     00DD   387 _PCA0CPM3	=	0x00dd
                     00DE   388 _PCA0CPM4	=	0x00de
                     00DF   389 _PCA0PWM	=	0x00df
                     00E0   390 _ACC	=	0x00e0
                     00E1   391 _XBR0	=	0x00e1
                     00E2   392 _XBR1	=	0x00e2
                     00E3   393 _XBR2	=	0x00e3
                     00E4   394 _IT01CF	=	0x00e4
                     00E5   395 _FLWR	=	0x00e5
                     00E6   396 _EIE1	=	0x00e6
                     00E7   397 _EIE2	=	0x00e7
                     00E8   398 _ADC0CN	=	0x00e8
                     00E9   399 _PCA0CPL1	=	0x00e9
                     00EA   400 _PCA0CPH1	=	0x00ea
                     00EB   401 _PCA0CPL2	=	0x00eb
                     00EC   402 _PCA0CPH2	=	0x00ec
                     00ED   403 _PCA0CPL3	=	0x00ed
                     00EE   404 _PCA0CPH3	=	0x00ee
                     00EF   405 _RSTSRC	=	0x00ef
                     00F0   406 _B	=	0x00f0
                     00F1   407 _P0MDIN	=	0x00f1
                     00F2   408 _P1MDIN	=	0x00f2
                     00F3   409 _P2MDIN	=	0x00f3
                     00F4   410 _SMB0ADR	=	0x00f4
                     00F5   411 _SMB0ADM	=	0x00f5
                     00F6   412 _EIP1	=	0x00f6
                     00F7   413 _EIP2	=	0x00f7
                     00F8   414 _SPI0CN	=	0x00f8
                     00F9   415 _PCA0L	=	0x00f9
                     00FA   416 _PCA0H	=	0x00fa
                     00FB   417 _PCA0CPL0	=	0x00fb
                     00FC   418 _PCA0CPH0	=	0x00fc
                     00FD   419 _PCA0CPL4	=	0x00fd
                     00FE   420 _PCA0CPH4	=	0x00fe
                     00FF   421 _VDM0CN	=	0x00ff
                     8382   422 _DP	=	0x8382
                     8685   423 _TOFF	=	0x8685
                     9392   424 _TMR3RL	=	0x9392
                     9594   425 _TMR3	=	0x9594
                     BEBD   426 _ADC0	=	0xbebd
                     C4C3   427 _ADC0GT	=	0xc4c3
                     C6C5   428 _ADC0LT	=	0xc6c5
                     CBCA   429 _TMR2RL	=	0xcbca
                     CDCC   430 _TMR2	=	0xcdcc
                     D3D2   431 _PCA0CP5	=	0xd3d2
                     EAE9   432 _PCA0CP1	=	0xeae9
                     ECEB   433 _PCA0CP2	=	0xeceb
                     EEED   434 _PCA0CP3	=	0xeeed
                     FAF9   435 _PCA0	=	0xfaf9
                     FCFB   436 _PCA0CP0	=	0xfcfb
                     FEFD   437 _PCA0CP4	=	0xfefd
                            438 ;--------------------------------------------------------
                            439 ; special function bits
                            440 ;--------------------------------------------------------
                            441 	.area RSEG    (ABS,DATA)
   0000                     442 	.org 0x0000
                     008F   443 _TF1	=	0x008f
                     008E   444 _TR1	=	0x008e
                     008D   445 _TF0	=	0x008d
                     008C   446 _TR0	=	0x008c
                     008B   447 _IE1	=	0x008b
                     008A   448 _IT1	=	0x008a
                     0089   449 _IE0	=	0x0089
                     0088   450 _IT0	=	0x0088
                     0096   451 _CRC0SEL	=	0x0096
                     0095   452 _CRC0INIT	=	0x0095
                     0094   453 _CRC0VAL	=	0x0094
                     009F   454 _S0MODE	=	0x009f
                     009D   455 _MCE0	=	0x009d
                     009C   456 _REN0	=	0x009c
                     009B   457 _TB80	=	0x009b
                     009A   458 _RB80	=	0x009a
                     0099   459 _TI0	=	0x0099
                     0098   460 _RI0	=	0x0098
                     00AF   461 _EA	=	0x00af
                     00AE   462 _ESPI0	=	0x00ae
                     00AD   463 _ET2	=	0x00ad
                     00AC   464 _ES0	=	0x00ac
                     00AB   465 _ET1	=	0x00ab
                     00AA   466 _EX1	=	0x00aa
                     00A9   467 _ET0	=	0x00a9
                     00A8   468 _EX0	=	0x00a8
                     00B7   469 _SPIF1	=	0x00b7
                     00B6   470 _WCOL1	=	0x00b6
                     00B5   471 _MODF1	=	0x00b5
                     00B4   472 _RXOVRN1	=	0x00b4
                     00B3   473 _NSS1MD1	=	0x00b3
                     00B2   474 _NSS1MD0	=	0x00b2
                     00B1   475 _TXBMT1	=	0x00b1
                     00B0   476 _SPI1EN	=	0x00b0
                     00BE   477 _PSPI0	=	0x00be
                     00BD   478 _PT2	=	0x00bd
                     00BC   479 _PS0	=	0x00bc
                     00BB   480 _PT1	=	0x00bb
                     00BA   481 _PX1	=	0x00ba
                     00B9   482 _PT0	=	0x00b9
                     00B8   483 _PX0	=	0x00b8
                     00C7   484 _MASTER	=	0x00c7
                     00C6   485 _TXMODE	=	0x00c6
                     00C5   486 _STA	=	0x00c5
                     00C4   487 _STO	=	0x00c4
                     00C3   488 _ACKRQ	=	0x00c3
                     00C2   489 _ARBLOST	=	0x00c2
                     00C1   490 _ACK	=	0x00c1
                     00C0   491 _SI	=	0x00c0
                     00CF   492 _TF2H	=	0x00cf
                     00CE   493 _TF2L	=	0x00ce
                     00CD   494 _TF2LEN	=	0x00cd
                     00CC   495 _TF2CEN	=	0x00cc
                     00CB   496 _T2SPLIT	=	0x00cb
                     00CA   497 _TR2	=	0x00ca
                     00C9   498 _T2RCLK	=	0x00c9
                     00C8   499 _T2XCLK	=	0x00c8
                     00D7   500 _CY	=	0x00d7
                     00D6   501 _AC	=	0x00d6
                     00D5   502 _F0	=	0x00d5
                     00D4   503 _RS1	=	0x00d4
                     00D3   504 _RS0	=	0x00d3
                     00D2   505 _OV	=	0x00d2
                     00D1   506 _F1	=	0x00d1
                     00D0   507 _P	=	0x00d0
                     00DF   508 _CF	=	0x00df
                     00DE   509 _CR	=	0x00de
                     00DD   510 _CCF5	=	0x00dd
                     00DC   511 _CCF4	=	0x00dc
                     00DB   512 _CCF3	=	0x00db
                     00DA   513 _CCF2	=	0x00da
                     00D9   514 _CCF1	=	0x00d9
                     00D8   515 _CCF0	=	0x00d8
                     00EF   516 _AD0EN	=	0x00ef
                     00EE   517 _BURSTEN	=	0x00ee
                     00ED   518 _AD0INT	=	0x00ed
                     00EC   519 _AD0BUSY	=	0x00ec
                     00EB   520 _AD0WINT	=	0x00eb
                     00EA   521 _AD0CM2	=	0x00ea
                     00E9   522 _AD0CM1	=	0x00e9
                     00E8   523 _AD0CM0	=	0x00e8
                     00FF   524 _SPIF0	=	0x00ff
                     00FE   525 _WCOL0	=	0x00fe
                     00FD   526 _MODF0	=	0x00fd
                     00FC   527 _RXOVRN0	=	0x00fc
                     00FB   528 _NSS0MD1	=	0x00fb
                     00FA   529 _NSS0MD0	=	0x00fa
                     00F9   530 _TXBMT0	=	0x00f9
                     00F8   531 _SPI0EN	=	0x00f8
                     0096   532 _LED_RED	=	0x0096
                     0095   533 _LED_GREEN	=	0x0095
                     0082   534 _PIN_CONFIG	=	0x0082
                     0083   535 _PIN_ENABLE	=	0x0083
                     0087   536 _IRQ	=	0x0087
                     0094   537 _NSS1	=	0x0094
                            538 ;--------------------------------------------------------
                            539 ; overlayable register banks
                            540 ;--------------------------------------------------------
                            541 	.area REG_BANK_0	(REL,OVR,DATA)
   0000                     542 	.ds 8
                            543 ;--------------------------------------------------------
                            544 ; internal ram data
                            545 ;--------------------------------------------------------
                            546 	.area DSEG    (DATA)
   0000                     547 _buf::
   0000                     548 	.ds 64
   0040                     549 _reset_source::
   0040                     550 	.ds 1
   0041                     551 _debounce_count::
   0041                     552 	.ds 1
   0042                     553 _bootloader_address_1_32:
   0042                     554 	.ds 2
                            555 ;--------------------------------------------------------
                            556 ; overlayable items in internal ram 
                            557 ;--------------------------------------------------------
                            558 	.area	OSEG    (OVR,DATA)
                            559 ;--------------------------------------------------------
                            560 ; indirectly addressable internal ram data
                            561 ;--------------------------------------------------------
                            562 	.area ISEG    (DATA)
                            563 ;--------------------------------------------------------
                            564 ; absolute internal ram data
                            565 ;--------------------------------------------------------
                            566 	.area IABS    (ABS,DATA)
                            567 	.area IABS    (ABS,DATA)
                            568 ;--------------------------------------------------------
                            569 ; bit data
                            570 ;--------------------------------------------------------
                            571 	.area BSEG    (BIT)
   0000                     572 _app_valid::
   0000                     573 	.ds 1
                            574 ;--------------------------------------------------------
                            575 ; paged external ram data
                            576 ;--------------------------------------------------------
                            577 	.area PSEG    (PAG,XDATA)
                            578 ;--------------------------------------------------------
                            579 ; external ram data
                            580 ;--------------------------------------------------------
                            581 	.area XSEG    (XDATA)
                            582 ;--------------------------------------------------------
                            583 ; absolute external ram data
                            584 ;--------------------------------------------------------
                            585 	.area XABS    (ABS,XDATA)
                            586 ;--------------------------------------------------------
                            587 ; external initialized ram data
                            588 ;--------------------------------------------------------
                            589 	.area HOME    (CODE)
                            590 	.area GSINIT0 (CODE)
                            591 	.area GSINIT1 (CODE)
                            592 	.area GSINIT2 (CODE)
                            593 	.area GSINIT3 (CODE)
                            594 	.area GSINIT4 (CODE)
                            595 	.area GSINIT5 (CODE)
                            596 	.area GSINIT  (CODE)
                            597 	.area GSFINAL (CODE)
                            598 	.area CSEG    (CODE)
                            599 ;--------------------------------------------------------
                            600 ; global & static initialisations
                            601 ;--------------------------------------------------------
                            602 	.area HOME    (CODE)
                            603 	.area GSINIT  (CODE)
                            604 	.area GSFINAL (CODE)
                            605 	.area GSINIT  (CODE)
                            606 ;--------------------------------------------------------
                            607 ; Home
                            608 ;--------------------------------------------------------
                            609 	.area HOME    (CODE)
                            610 	.area HOME    (CODE)
                            611 ;--------------------------------------------------------
                            612 ; code
                            613 ;--------------------------------------------------------
                            614 	.area CSEG    (CODE)
                            615 ;------------------------------------------------------------
                            616 ;Allocation info for local variables in function 'bl_main'
                            617 ;------------------------------------------------------------
                            618 ;i                         Allocated to registers r7 
                            619 ;------------------------------------------------------------
                            620 ;	bootloader/bootloader.c:70: bl_main(void)
                            621 ;	-----------------------------------------
                            622 ;	 function bl_main
                            623 ;	-----------------------------------------
   0000                     624 _bl_main:
                     0007   625 	ar7 = 0x07
                     0006   626 	ar6 = 0x06
                     0005   627 	ar5 = 0x05
                     0004   628 	ar4 = 0x04
                     0003   629 	ar3 = 0x03
                     0002   630 	ar2 = 0x02
                     0001   631 	ar1 = 0x01
                     0000   632 	ar0 = 0x00
                            633 ;	bootloader/bootloader.c:75: hardware_init();
   0000 12r01rEF      [24]  634 	lcall	_hardware_init
                            635 ;	bootloader/bootloader.c:80: reset_source = RSTSRC;
                            636 ;	bootloader/bootloader.c:81: if (reset_source & (1 << 1))
   0003 E5 EF         [12]  637 	mov	a,_RSTSRC
   0005 F5*40         [12]  638 	mov	_reset_source,a
   0007 30 E1 03      [24]  639 	jnb	acc.1,00102$
                            640 ;	bootloader/bootloader.c:82: reset_source = 1 << 1;
   000A 75*40 02      [24]  641 	mov	_reset_source,#0x02
   000D                     642 00102$:
                            643 ;	bootloader/bootloader.c:85: app_valid = flash_app_valid();
   000D 12r00r00      [24]  644 	lcall	_flash_app_valid
   0010 E5 82         [12]  645 	mov	a,dpl
   0012 24 FF         [12]  646 	add	a,#0xff
   0014 92*00         [24]  647 	mov	_app_valid,c
                            648 ;	bootloader/bootloader.c:89: debounce_count = 0;
   0016 75*41 00      [24]  649 	mov	_debounce_count,#0x00
                            650 ;	bootloader/bootloader.c:90: for (i = 0; i < 255; i++) {
   0019 7F FF         [12]  651 	mov	r7,#0xFF
   001B                     652 00114$:
                            653 ;	bootloader/bootloader.c:91: if (BUTTON_BOOTLOAD == BUTTON_ACTIVE)
   001B 20 82 02      [24]  654 	jb	_PIN_CONFIG,00104$
                            655 ;	bootloader/bootloader.c:92: debounce_count++;
   001E 05*41         [12]  656 	inc	_debounce_count
   0020                     657 00104$:
   0020 8F 06         [24]  658 	mov	ar6,r7
   0022 EE            [12]  659 	mov	a,r6
   0023 14            [12]  660 	dec	a
                            661 ;	bootloader/bootloader.c:90: for (i = 0; i < 255; i++) {
   0024 FF            [12]  662 	mov	r7,a
   0025 70 F4         [24]  663 	jnz	00114$
                            664 ;	bootloader/bootloader.c:96: LED_BOOTLOADER = LED_ON;
   0027 D2 96         [12]  665 	setb	_LED_RED
                            666 ;	bootloader/bootloader.c:105: if (!(reset_source & (1 << 6)) && app_valid) {
   0029 E5*40         [12]  667 	mov	a,_reset_source
   002B 20 E6 16      [24]  668 	jb	acc.6,00115$
   002E 30*00 13      [24]  669 	jnb	_app_valid,00115$
                            670 ;	bootloader/bootloader.c:110: if (debounce_count < 200) {
   0031 74 38         [12]  671 	mov	a,#0x100 - 0xC8
   0033 25*41         [12]  672 	add	a,_debounce_count
   0035 40 0D         [24]  673 	jc	00115$
                            674 ;	bootloader/bootloader.c:119: BOARD_FREQUENCY_REG = board_frequency;
   0037 90r00r00      [24]  675 	mov	dptr,#_board_frequency
   003A E4            [12]  676 	clr	a
   003B 93            [24]  677 	movc	a,@a+dptr
   003C F5 C4         [12]  678 	mov	_ADC0GTH,a
                            679 ;	bootloader/bootloader.c:120: BOARD_BL_VERSION_REG = BL_VERSION;
   003E 75 C3 01      [24]  680 	mov	_ADC0GTL,#0x01
                            681 ;	bootloader/bootloader.c:123: ((void (__code *)(void))FLASH_APP_START)();
   0041 12 04 00      [24]  682 	lcall	0x0400
   0044                     683 00115$:
                            684 ;	bootloader/bootloader.c:130: bootloader();
   0044 12r00r49      [24]  685 	lcall	_bootloader
   0047 80 FB         [24]  686 	sjmp	00115$
                            687 ;------------------------------------------------------------
                            688 ;Allocation info for local variables in function 'bootloader'
                            689 ;------------------------------------------------------------
                            690 ;address                   Allocated with name '_bootloader_address_1_32'
                            691 ;c                         Allocated to registers r7 
                            692 ;count                     Allocated to registers r6 
                            693 ;i                         Allocated to registers r5 
                            694 ;------------------------------------------------------------
                            695 ;	bootloader/bootloader.c:136: bootloader(void)
                            696 ;	-----------------------------------------
                            697 ;	 function bootloader
                            698 ;	-----------------------------------------
   0049                     699 _bootloader:
                            700 ;	bootloader/bootloader.c:143: LED_BOOTLOADER = LED_ON;
   0049 D2 96         [12]  701 	setb	_LED_RED
                            702 ;	bootloader/bootloader.c:144: c = cin();
   004B 12r00r00      [24]  703 	lcall	_cin
   004E AF 82         [24]  704 	mov	r7,dpl
                            705 ;	bootloader/bootloader.c:145: LED_BOOTLOADER = LED_OFF;
   0050 C2 96         [12]  706 	clr	_LED_RED
                            707 ;	bootloader/bootloader.c:148: switch (c) {
   0052 BF 21 02      [24]  708 	cjne	r7,#0x21,00205$
   0055 80 17         [24]  709 	sjmp	00106$
   0057                     710 00205$:
   0057 BF 22 02      [24]  711 	cjne	r7,#0x22,00206$
   005A 80 12         [24]  712 	sjmp	00106$
   005C                     713 00206$:
   005C BF 23 02      [24]  714 	cjne	r7,#0x23,00207$
   005F 80 0D         [24]  715 	sjmp	00106$
   0061                     716 00207$:
   0061 BF 26 02      [24]  717 	cjne	r7,#0x26,00208$
   0064 80 08         [24]  718 	sjmp	00106$
   0066                     719 00208$:
   0066 BF 29 02      [24]  720 	cjne	r7,#0x29,00209$
   0069 80 03         [24]  721 	sjmp	00106$
   006B                     722 00209$:
   006B BF 31 0F      [24]  723 	cjne	r7,#0x31,00109$
                            724 ;	bootloader/bootloader.c:154: case PROTO_DEBUG:
   006E                     725 00106$:
                            726 ;	bootloader/bootloader.c:155: if (cin() != PROTO_EOC)
   006E C0 07         [24]  727 	push	ar7
   0070 12r00r00      [24]  728 	lcall	_cin
   0073 AE 82         [24]  729 	mov	r6,dpl
   0075 D0 07         [24]  730 	pop	ar7
   0077 BE 20 02      [24]  731 	cjne	r6,#0x20,00212$
   007A 80 01         [24]  732 	sjmp	00213$
   007C                     733 00212$:
   007C 22            [24]  734 	ret
   007D                     735 00213$:
                            736 ;	bootloader/bootloader.c:157: }
   007D                     737 00109$:
                            738 ;	bootloader/bootloader.c:159: switch (c) {
   007D BF 21 00      [24]  739 	cjne	r7,#0x21,00214$
   0080                     740 00214$:
   0080 50 01         [24]  741 	jnc	00215$
   0082 22            [24]  742 	ret
   0083                     743 00215$:
   0083 EF            [12]  744 	mov	a,r7
   0084 24 CE         [12]  745 	add	a,#0xff - 0x31
   0086 50 01         [24]  746 	jnc	00216$
   0088 22            [24]  747 	ret
   0089                     748 00216$:
   0089 EF            [12]  749 	mov	a,r7
   008A 24 DF         [12]  750 	add	a,#0xDF
   008C FE            [12]  751 	mov	r6,a
   008D 24 0A         [12]  752 	add	a,#(00217$-3-.)
   008F 83            [24]  753 	movc	a,@a+pc
   0090 F5 82         [12]  754 	mov	dpl,a
   0092 EE            [12]  755 	mov	a,r6
   0093 24 15         [12]  756 	add	a,#(00218$-3-.)
   0095 83            [24]  757 	movc	a,@a+pc
   0096 F5 83         [12]  758 	mov	dph,a
   0098 E4            [12]  759 	clr	a
   0099 73            [24]  760 	jmp	@a+dptr
   009A                     761 00217$:
   009ArBC                  762 	.db	00110$
   009BrBF                  763 	.db	00111$
   009CrD2                  764 	.db	00112$
   009DrDE                  765 	.db	00114$
   009Er01                  766 	.db	00117$
   009Fr2B                  767 	.db	00120$
   00A0r42                  768 	.db	00121$
   00A1rA2                  769 	.db	00128$
   00A2rD8                  770 	.db	00113$
   00A3rDE                  771 	.db	00134$
   00A4rDE                  772 	.db	00134$
   00A5rDE                  773 	.db	00134$
   00A6rDE                  774 	.db	00134$
   00A7rDE                  775 	.db	00134$
   00A8rDE                  776 	.db	00134$
   00A9rD9                  777 	.db	00132$
   00AArDC                  778 	.db	00133$
   00AB                     779 00218$:
   00ABs00                  780 	.db	00110$>>8
   00ACs00                  781 	.db	00111$>>8
   00ADs00                  782 	.db	00112$>>8
   00AEs00                  783 	.db	00114$>>8
   00AFs01                  784 	.db	00117$>>8
   00B0s01                  785 	.db	00120$>>8
   00B1s01                  786 	.db	00121$>>8
   00B2s01                  787 	.db	00128$>>8
   00B3s00                  788 	.db	00113$>>8
   00B4s01                  789 	.db	00134$>>8
   00B5s01                  790 	.db	00134$>>8
   00B6s01                  791 	.db	00134$>>8
   00B7s01                  792 	.db	00134$>>8
   00B8s01                  793 	.db	00134$>>8
   00B9s01                  794 	.db	00134$>>8
   00BAs01                  795 	.db	00132$>>8
   00BBs01                  796 	.db	00133$>>8
                            797 ;	bootloader/bootloader.c:161: case PROTO_GET_SYNC:		// sync
   00BC                     798 00110$:
                            799 ;	bootloader/bootloader.c:162: break;
   00BC 02r01rDF      [24]  800 	ljmp	00135$
                            801 ;	bootloader/bootloader.c:164: case PROTO_GET_DEVICE:
   00BF                     802 00111$:
                            803 ;	bootloader/bootloader.c:165: cout(BOARD_ID);
   00BF 75 82 42      [24]  804 	mov	dpl,#0x42
   00C2 12r00r00      [24]  805 	lcall	_cout
                            806 ;	bootloader/bootloader.c:166: cout(board_frequency);
   00C5 90r00r00      [24]  807 	mov	dptr,#_board_frequency
   00C8 E4            [12]  808 	clr	a
   00C9 93            [24]  809 	movc	a,@a+dptr
   00CA F5 82         [12]  810 	mov	dpl,a
   00CC 12r00r00      [24]  811 	lcall	_cout
                            812 ;	bootloader/bootloader.c:167: break;
   00CF 02r01rDF      [24]  813 	ljmp	00135$
                            814 ;	bootloader/bootloader.c:169: case PROTO_CHIP_ERASE:		// erase the program area
   00D2                     815 00112$:
                            816 ;	bootloader/bootloader.c:170: flash_erase_app();
   00D2 12r00r00      [24]  817 	lcall	_flash_erase_app
                            818 ;	bootloader/bootloader.c:171: break;
   00D5 02r01rDF      [24]  819 	ljmp	00135$
                            820 ;	bootloader/bootloader.c:173: case PROTO_PARAM_ERASE:
   00D8                     821 00113$:
                            822 ;	bootloader/bootloader.c:174: flash_erase_scratch();
   00D8 12r00r00      [24]  823 	lcall	_flash_erase_scratch
                            824 ;	bootloader/bootloader.c:175: break;
   00DB 02r01rDF      [24]  825 	ljmp	00135$
                            826 ;	bootloader/bootloader.c:177: case PROTO_LOAD_ADDRESS:	// set address
   00DE                     827 00114$:
                            828 ;	bootloader/bootloader.c:178: address = cin();
   00DE 12r00r00      [24]  829 	lcall	_cin
   00E1 AE 82         [24]  830 	mov	r6,dpl
   00E3 8E*42         [24]  831 	mov	_bootloader_address_1_32,r6
   00E5 75*43 00      [24]  832 	mov	(_bootloader_address_1_32 + 1),#0x00
                            833 ;	bootloader/bootloader.c:179: address |= (uint16_t)cin() << 8;
   00E8 12r00r00      [24]  834 	lcall	_cin
   00EB AE 82         [24]  835 	mov	r6,dpl
   00ED 8E 05         [24]  836 	mov	ar5,r6
   00EF E4            [12]  837 	clr	a
   00F0 42*42         [12]  838 	orl	_bootloader_address_1_32,a
   00F2 ED            [12]  839 	mov	a,r5
   00F3 42*43         [12]  840 	orl	(_bootloader_address_1_32 + 1),a
                            841 ;	bootloader/bootloader.c:180: if (cin() != PROTO_EOC)
   00F5 12r00r00      [24]  842 	lcall	_cin
   00F8 AE 82         [24]  843 	mov	r6,dpl
   00FA BE 20 03      [24]  844 	cjne	r6,#0x20,00219$
   00FD 02r01rDF      [24]  845 	ljmp	00135$
   0100                     846 00219$:
                            847 ;	bootloader/bootloader.c:181: goto cmd_bad;
   0100 22            [24]  848 	ret
                            849 ;	bootloader/bootloader.c:184: case PROTO_PROG_FLASH:		// program byte
   0101                     850 00117$:
                            851 ;	bootloader/bootloader.c:185: c = cin();
   0101 12r00r00      [24]  852 	lcall	_cin
   0104 AF 82         [24]  853 	mov	r7,dpl
                            854 ;	bootloader/bootloader.c:186: if (cin() != PROTO_EOC)
   0106 C0 07         [24]  855 	push	ar7
   0108 12r00r00      [24]  856 	lcall	_cin
   010B AE 82         [24]  857 	mov	r6,dpl
   010D D0 07         [24]  858 	pop	ar7
   010F BE 20 02      [24]  859 	cjne	r6,#0x20,00220$
   0112 80 01         [24]  860 	sjmp	00221$
   0114                     861 00220$:
   0114 22            [24]  862 	ret
   0115                     863 00221$:
                            864 ;	bootloader/bootloader.c:188: flash_write_byte(address++, c);
   0115 85*42 82      [24]  865 	mov	dpl,_bootloader_address_1_32
   0118 85*43 83      [24]  866 	mov	dph,(_bootloader_address_1_32 + 1)
   011B 05*42         [12]  867 	inc	_bootloader_address_1_32
   011D E4            [12]  868 	clr	a
   011E B5*42 02      [24]  869 	cjne	a,_bootloader_address_1_32,00222$
   0121 05*43         [12]  870 	inc	(_bootloader_address_1_32 + 1)
   0123                     871 00222$:
   0123 8F*00         [24]  872 	mov	_flash_write_byte_PARM_2,r7
   0125 12r00r00      [24]  873 	lcall	_flash_write_byte
                            874 ;	bootloader/bootloader.c:189: break;
   0128 02r01rDF      [24]  875 	ljmp	00135$
                            876 ;	bootloader/bootloader.c:191: case PROTO_READ_FLASH:		// readback byte
   012B                     877 00120$:
                            878 ;	bootloader/bootloader.c:192: c = flash_read_byte(address++);
   012B 85*42 82      [24]  879 	mov	dpl,_bootloader_address_1_32
   012E 85*43 83      [24]  880 	mov	dph,(_bootloader_address_1_32 + 1)
   0131 05*42         [12]  881 	inc	_bootloader_address_1_32
   0133 E4            [12]  882 	clr	a
   0134 B5*42 02      [24]  883 	cjne	a,_bootloader_address_1_32,00223$
   0137 05*43         [12]  884 	inc	(_bootloader_address_1_32 + 1)
   0139                     885 00223$:
   0139 12r00r00      [24]  886 	lcall	_flash_read_byte
                            887 ;	bootloader/bootloader.c:193: cout(c);
   013C 12r00r00      [24]  888 	lcall	_cout
                            889 ;	bootloader/bootloader.c:194: break;
   013F 02r01rDF      [24]  890 	ljmp	00135$
                            891 ;	bootloader/bootloader.c:196: case PROTO_PROG_MULTI:
   0142                     892 00121$:
                            893 ;	bootloader/bootloader.c:197: count = cin();
   0142 12r00r00      [24]  894 	lcall	_cin
                            895 ;	bootloader/bootloader.c:198: if (count > sizeof(buf))
   0145 E5 82         [12]  896 	mov	a,dpl
   0147 FE            [12]  897 	mov	r6,a
   0148 24 BF         [12]  898 	add	a,#0xff - 0x40
   014A 50 01         [24]  899 	jnc	00224$
   014C 22            [24]  900 	ret
   014D                     901 00224$:
                            902 ;	bootloader/bootloader.c:200: for (i = 0; i < count; i++)
   014D 7D 00         [12]  903 	mov	r5,#0x00
   014F                     904 00138$:
   014F C3            [12]  905 	clr	c
   0150 ED            [12]  906 	mov	a,r5
   0151 9E            [12]  907 	subb	a,r6
   0152 50 19         [24]  908 	jnc	00124$
                            909 ;	bootloader/bootloader.c:201: buf[i] = cin();
   0154 ED            [12]  910 	mov	a,r5
   0155 24r00         [12]  911 	add	a,#_buf
   0157 F9            [12]  912 	mov	r1,a
   0158 C0 06         [24]  913 	push	ar6
   015A C0 05         [24]  914 	push	ar5
   015C C0 01         [24]  915 	push	ar1
   015E 12r00r00      [24]  916 	lcall	_cin
   0161 E5 82         [12]  917 	mov	a,dpl
   0163 D0 01         [24]  918 	pop	ar1
   0165 D0 05         [24]  919 	pop	ar5
   0167 D0 06         [24]  920 	pop	ar6
   0169 F7            [12]  921 	mov	@r1,a
                            922 ;	bootloader/bootloader.c:200: for (i = 0; i < count; i++)
   016A 0D            [12]  923 	inc	r5
   016B 80 E2         [24]  924 	sjmp	00138$
   016D                     925 00124$:
                            926 ;	bootloader/bootloader.c:202: if (cin() != PROTO_EOC)
   016D C0 06         [24]  927 	push	ar6
   016F 12r00r00      [24]  928 	lcall	_cin
   0172 AD 82         [24]  929 	mov	r5,dpl
   0174 D0 06         [24]  930 	pop	ar6
   0176 BD 20 69      [24]  931 	cjne	r5,#0x20,00136$
                            932 ;	bootloader/bootloader.c:204: for (i = 0; i < count; i++)
   0179 7D 00         [12]  933 	mov	r5,#0x00
   017B                     934 00141$:
   017B C3            [12]  935 	clr	c
   017C ED            [12]  936 	mov	a,r5
   017D 9E            [12]  937 	subb	a,r6
   017E 50 5F         [24]  938 	jnc	00135$
                            939 ;	bootloader/bootloader.c:205: flash_write_byte(address++, buf[i]);
   0180 85*42 82      [24]  940 	mov	dpl,_bootloader_address_1_32
   0183 85*43 83      [24]  941 	mov	dph,(_bootloader_address_1_32 + 1)
   0186 05*42         [12]  942 	inc	_bootloader_address_1_32
   0188 E4            [12]  943 	clr	a
   0189 B5*42 02      [24]  944 	cjne	a,_bootloader_address_1_32,00229$
   018C 05*43         [12]  945 	inc	(_bootloader_address_1_32 + 1)
   018E                     946 00229$:
   018E ED            [12]  947 	mov	a,r5
   018F 24r00         [12]  948 	add	a,#_buf
   0191 F9            [12]  949 	mov	r1,a
   0192 87*00         [24]  950 	mov	_flash_write_byte_PARM_2,@r1
   0194 C0 06         [24]  951 	push	ar6
   0196 C0 05         [24]  952 	push	ar5
   0198 12r00r00      [24]  953 	lcall	_flash_write_byte
   019B D0 05         [24]  954 	pop	ar5
   019D D0 06         [24]  955 	pop	ar6
                            956 ;	bootloader/bootloader.c:204: for (i = 0; i < count; i++)
   019F 0D            [12]  957 	inc	r5
                            958 ;	bootloader/bootloader.c:208: case PROTO_READ_MULTI:
   01A0 80 D9         [24]  959 	sjmp	00141$
   01A2                     960 00128$:
                            961 ;	bootloader/bootloader.c:209: count = cin();
   01A2 12r00r00      [24]  962 	lcall	_cin
   01A5 AE 82         [24]  963 	mov	r6,dpl
                            964 ;	bootloader/bootloader.c:210: if (cin() != PROTO_EOC)
   01A7 C0 06         [24]  965 	push	ar6
   01A9 12r00r00      [24]  966 	lcall	_cin
   01AC AD 82         [24]  967 	mov	r5,dpl
   01AE D0 06         [24]  968 	pop	ar6
   01B0 BD 20 2F      [24]  969 	cjne	r5,#0x20,00136$
                            970 ;	bootloader/bootloader.c:212: for (i = 0; i < count; i++) {
   01B3 7D 00         [12]  971 	mov	r5,#0x00
   01B5                     972 00144$:
   01B5 C3            [12]  973 	clr	c
   01B6 ED            [12]  974 	mov	a,r5
   01B7 9E            [12]  975 	subb	a,r6
   01B8 50 25         [24]  976 	jnc	00135$
                            977 ;	bootloader/bootloader.c:213: c = flash_read_byte(address++);
   01BA 85*42 82      [24]  978 	mov	dpl,_bootloader_address_1_32
   01BD 85*43 83      [24]  979 	mov	dph,(_bootloader_address_1_32 + 1)
   01C0 05*42         [12]  980 	inc	_bootloader_address_1_32
   01C2 E4            [12]  981 	clr	a
   01C3 B5*42 02      [24]  982 	cjne	a,_bootloader_address_1_32,00233$
   01C6 05*43         [12]  983 	inc	(_bootloader_address_1_32 + 1)
   01C8                     984 00233$:
   01C8 C0 06         [24]  985 	push	ar6
   01CA C0 05         [24]  986 	push	ar5
   01CC 12r00r00      [24]  987 	lcall	_flash_read_byte
                            988 ;	bootloader/bootloader.c:214: cout(c);
   01CF 12r00r00      [24]  989 	lcall	_cout
   01D2 D0 05         [24]  990 	pop	ar5
   01D4 D0 06         [24]  991 	pop	ar6
                            992 ;	bootloader/bootloader.c:212: for (i = 0; i < count; i++) {
   01D6 0D            [12]  993 	inc	r5
                            994 ;	bootloader/bootloader.c:218: case PROTO_REBOOT:
   01D7 80 DC         [24]  995 	sjmp	00144$
   01D9                     996 00132$:
                            997 ;	bootloader/bootloader.c:220: RSTSRC |= (1 << 4);
   01D9 43 EF 10      [24]  998 	orl	_RSTSRC,#0x10
                            999 ;	bootloader/bootloader.c:222: case PROTO_DEBUG:
   01DC                    1000 00133$:
                           1001 ;	bootloader/bootloader.c:224: break;
                           1002 ;	bootloader/bootloader.c:226: default:
   01DC 80 01         [24] 1003 	sjmp	00135$
   01DE                    1004 00134$:
                           1005 ;	bootloader/bootloader.c:227: goto cmd_bad;
                           1006 ;	bootloader/bootloader.c:228: }
   01DE 22            [24] 1007 	ret
   01DF                    1008 00135$:
                           1009 ;	bootloader/bootloader.c:229: sync_response();
                           1010 ;	bootloader/bootloader.c:230: cmd_bad:
                           1011 ;	bootloader/bootloader.c:231: return;
   01DF 02r01rE3      [24] 1012 	ljmp	_sync_response
   01E2                    1013 00136$:
   01E2 22            [24] 1014 	ret
                           1015 ;------------------------------------------------------------
                           1016 ;Allocation info for local variables in function 'sync_response'
                           1017 ;------------------------------------------------------------
                           1018 ;	bootloader/bootloader.c:235: sync_response(void)
                           1019 ;	-----------------------------------------
                           1020 ;	 function sync_response
                           1021 ;	-----------------------------------------
   01E3                    1022 _sync_response:
                           1023 ;	bootloader/bootloader.c:237: cout(PROTO_INSYNC);	// "in sync"
   01E3 75 82 12      [24] 1024 	mov	dpl,#0x12
   01E6 12r00r00      [24] 1025 	lcall	_cout
                           1026 ;	bootloader/bootloader.c:238: cout(PROTO_OK);		// "OK"
   01E9 75 82 10      [24] 1027 	mov	dpl,#0x10
   01EC 02r00r00      [24] 1028 	ljmp	_cout
                           1029 ;------------------------------------------------------------
                           1030 ;Allocation info for local variables in function 'hardware_init'
                           1031 ;------------------------------------------------------------
                           1032 ;i                         Allocated to registers r6 r7 
                           1033 ;------------------------------------------------------------
                           1034 ;	bootloader/bootloader.c:244: hardware_init(void)
                           1035 ;	-----------------------------------------
                           1036 ;	 function hardware_init
                           1037 ;	-----------------------------------------
   01EF                    1038 _hardware_init:
                           1039 ;	bootloader/bootloader.c:250: EA	 =  0x00;
   01EF C2 AF         [12] 1040 	clr	_EA
                           1041 ;	bootloader/bootloader.c:253: PCA0MD	&= ~0x40;
   01F1 AF D9         [24] 1042 	mov	r7,_PCA0MD
   01F3 74 BF         [12] 1043 	mov	a,#0xBF
   01F5 5F            [12] 1044 	anl	a,r7
   01F6 F5 D9         [12] 1045 	mov	_PCA0MD,a
                           1046 ;	bootloader/bootloader.c:256: FLSCL	 =  0x40;
   01F8 75 B6 40      [24] 1047 	mov	_FLSCL,#0x40
                           1048 ;	bootloader/bootloader.c:257: OSCICN	 =  0x8F;
   01FB 75 B2 8F      [24] 1049 	mov	_OSCICN,#0x8F
                           1050 ;	bootloader/bootloader.c:258: CLKSEL	 =  0x00;
   01FE 75 A9 00      [24] 1051 	mov	_CLKSEL,#0x00
                           1052 ;	bootloader/bootloader.c:261: TCON	 =  0x40;		// Timer1 on
   0201 75 88 40      [24] 1053 	mov	_TCON,#0x40
                           1054 ;	bootloader/bootloader.c:262: TMOD	 =  0x20;		// Timer1 8-bit auto-reload
   0204 75 89 20      [24] 1055 	mov	_TMOD,#0x20
                           1056 ;	bootloader/bootloader.c:263: CKCON	 =  0x08;		// Timer1 from SYSCLK
   0207 75 8E 08      [24] 1057 	mov	_CKCON,#0x08
                           1058 ;	bootloader/bootloader.c:264: TH1	 =  0x96;		// 115200 bps
   020A 75 8D 96      [24] 1059 	mov	_TH1,#0x96
                           1060 ;	bootloader/bootloader.c:267: SCON0	 =  0x12;		// enable receiver, set TX ready
   020D 75 98 12      [24] 1061 	mov	_SCON0,#0x12
                           1062 ;	bootloader/bootloader.c:270: VDM0CN	 =  0x80;
   0210 75 FF 80      [24] 1063 	mov	_VDM0CN,#0x80
                           1064 ;	bootloader/bootloader.c:271: for (i = 0; i < 350; i++);	// Wait 100us for initialization
   0213 7E 5E         [12] 1065 	mov	r6,#0x5E
   0215 7F 01         [12] 1066 	mov	r7,#0x01
   0217                    1067 00107$:
   0217 1E            [12] 1068 	dec	r6
   0218 BE FF 01      [24] 1069 	cjne	r6,#0xFF,00117$
   021B 1F            [12] 1070 	dec	r7
   021C                    1071 00117$:
   021C EE            [12] 1072 	mov	a,r6
   021D 4F            [12] 1073 	orl	a,r7
   021E 70 F7         [24] 1074 	jnz	00107$
                           1075 ;	bootloader/bootloader.c:272: RSTSRC	 =  0x06;		// enable brown out and missing clock reset sources
   0220 75 EF 06      [24] 1076 	mov	_RSTSRC,#0x06
                           1077 ;	bootloader/bootloader.c:275: P0MDOUT	 =  0x10;		// UART Tx push-pull
   0223 75 A4 10      [24] 1078 	mov	_P0MDOUT,#0x10
                           1079 ;	bootloader/bootloader.c:276: SFRPAGE	 =  CONFIG_PAGE;
   0226 75 A7 0F      [24] 1080 	mov	_SFRPAGE,#0x0F
                           1081 ;	bootloader/bootloader.c:277: P0DRV	 =  0x10;		// UART TX
   0229 75 A4 10      [24] 1082 	mov	_P0DRV,#0x10
                           1083 ;	bootloader/bootloader.c:278: SFRPAGE	 =  LEGACY_PAGE;
   022C 75 A7 00      [24] 1084 	mov	_SFRPAGE,#0x00
                           1085 ;	bootloader/bootloader.c:279: XBR0	 =  0x01;		// UART enable
   022F 75 E1 01      [24] 1086 	mov	_XBR0,#0x01
                           1087 ;	bootloader/bootloader.c:282: HW_INIT;
   0232 43 D4 0C      [24] 1088 	orl	_P0SKIP,#0x0C
   0235 43 D5 E0      [24] 1089 	orl	_P1SKIP,#0xE0
   0238 75 A7 0F      [24] 1090 	mov	_SFRPAGE,#0x0F
   023B 43 A5 F5      [24] 1091 	orl	_P1MDOUT,#0xF5
   023E 43 A5 F5      [24] 1092 	orl	_P1DRV,#0xF5
   0241 75 A7 00      [24] 1093 	mov	_SFRPAGE,#0x00
   0244 74 0F         [12] 1094 	mov	a,#0x0F
   0246 55 E4         [12] 1095 	anl	a,_IT01CF
   0248 44 07         [12] 1096 	orl	a,#0x07
   024A F5 E4         [12] 1097 	mov	_IT01CF,a
   024C C2 88         [12] 1098 	clr	_IT0
                           1099 ;	bootloader/bootloader.c:284: XBR2	 =  0x40;		// Crossbar (GPIO) enable
   024E 75 E3 40      [24] 1100 	mov	_XBR2,#0x40
   0251 22            [24] 1101 	ret
                           1102 	.area CSEG    (CODE)
                           1103 	.area CONST   (CODE)
                           1104 	.area CABS    (ABS,CODE)
