                              1 ;--------------------------------------------------------
                              2 ; File Created by SDCC : free open source ANSI-C Compiler
                              3 ; Version 3.3.0 #8604 (May 11 2013) (Linux)
                              4 ; This file was generated Sun Nov 24 17:43:02 2013
                              5 ;--------------------------------------------------------
                              6 	.module util
                              7 	.optsdcc -mmcs51 --model-small
                              8 	
                              9 ;--------------------------------------------------------
                             10 ; Public variables in this module
                             11 ;--------------------------------------------------------
                             12 	.globl _SPI0EN
                             13 	.globl _TXBMT0
                             14 	.globl _NSS0MD0
                             15 	.globl _NSS0MD1
                             16 	.globl _RXOVRN0
                             17 	.globl _MODF0
                             18 	.globl _WCOL0
                             19 	.globl _SPIF0
                             20 	.globl _AD0CM0
                             21 	.globl _AD0CM1
                             22 	.globl _AD0CM2
                             23 	.globl _AD0WINT
                             24 	.globl _AD0BUSY
                             25 	.globl _AD0INT
                             26 	.globl _BURSTEN
                             27 	.globl _AD0EN
                             28 	.globl _CCF0
                             29 	.globl _CCF1
                             30 	.globl _CCF2
                             31 	.globl _CCF3
                             32 	.globl _CCF4
                             33 	.globl _CCF5
                             34 	.globl _CR
                             35 	.globl _CF
                             36 	.globl _P
                             37 	.globl _F1
                             38 	.globl _OV
                             39 	.globl _RS0
                             40 	.globl _RS1
                             41 	.globl _F0
                             42 	.globl _AC
                             43 	.globl _CY
                             44 	.globl _T2XCLK
                             45 	.globl _T2RCLK
                             46 	.globl _TR2
                             47 	.globl _T2SPLIT
                             48 	.globl _TF2CEN
                             49 	.globl _TF2LEN
                             50 	.globl _TF2L
                             51 	.globl _TF2H
                             52 	.globl _SI
                             53 	.globl _ACK
                             54 	.globl _ARBLOST
                             55 	.globl _ACKRQ
                             56 	.globl _STO
                             57 	.globl _STA
                             58 	.globl _TXMODE
                             59 	.globl _MASTER
                             60 	.globl _PX0
                             61 	.globl _PT0
                             62 	.globl _PX1
                             63 	.globl _PT1
                             64 	.globl _PS0
                             65 	.globl _PT2
                             66 	.globl _PSPI0
                             67 	.globl _SPI1EN
                             68 	.globl _TXBMT1
                             69 	.globl _NSS1MD0
                             70 	.globl _NSS1MD1
                             71 	.globl _RXOVRN1
                             72 	.globl _MODF1
                             73 	.globl _WCOL1
                             74 	.globl _SPIF1
                             75 	.globl _EX0
                             76 	.globl _ET0
                             77 	.globl _EX1
                             78 	.globl _ET1
                             79 	.globl _ES0
                             80 	.globl _ET2
                             81 	.globl _ESPI0
                             82 	.globl _EA
                             83 	.globl _RI0
                             84 	.globl _TI0
                             85 	.globl _RB80
                             86 	.globl _TB80
                             87 	.globl _REN0
                             88 	.globl _MCE0
                             89 	.globl _S0MODE
                             90 	.globl _CRC0VAL
                             91 	.globl _CRC0INIT
                             92 	.globl _CRC0SEL
                             93 	.globl _IT0
                             94 	.globl _IE0
                             95 	.globl _IT1
                             96 	.globl _IE1
                             97 	.globl _TR0
                             98 	.globl _TF0
                             99 	.globl _TR1
                            100 	.globl _TF1
                            101 	.globl _PCA0CP4
                            102 	.globl _PCA0CP0
                            103 	.globl _PCA0
                            104 	.globl _PCA0CP3
                            105 	.globl _PCA0CP2
                            106 	.globl _PCA0CP1
                            107 	.globl _PCA0CP5
                            108 	.globl _TMR2
                            109 	.globl _TMR2RL
                            110 	.globl _ADC0LT
                            111 	.globl _ADC0GT
                            112 	.globl _ADC0
                            113 	.globl _TMR3
                            114 	.globl _TMR3RL
                            115 	.globl _TOFF
                            116 	.globl _DP
                            117 	.globl _VDM0CN
                            118 	.globl _PCA0CPH4
                            119 	.globl _PCA0CPL4
                            120 	.globl _PCA0CPH0
                            121 	.globl _PCA0CPL0
                            122 	.globl _PCA0H
                            123 	.globl _PCA0L
                            124 	.globl _SPI0CN
                            125 	.globl _EIP2
                            126 	.globl _EIP1
                            127 	.globl _SMB0ADM
                            128 	.globl _SMB0ADR
                            129 	.globl _P2MDIN
                            130 	.globl _P1MDIN
                            131 	.globl _P0MDIN
                            132 	.globl _B
                            133 	.globl _RSTSRC
                            134 	.globl _PCA0CPH3
                            135 	.globl _PCA0CPL3
                            136 	.globl _PCA0CPH2
                            137 	.globl _PCA0CPL2
                            138 	.globl _PCA0CPH1
                            139 	.globl _PCA0CPL1
                            140 	.globl _ADC0CN
                            141 	.globl _EIE2
                            142 	.globl _EIE1
                            143 	.globl _FLWR
                            144 	.globl _IT01CF
                            145 	.globl _XBR2
                            146 	.globl _XBR1
                            147 	.globl _XBR0
                            148 	.globl _ACC
                            149 	.globl _PCA0PWM
                            150 	.globl _PCA0CPM4
                            151 	.globl _PCA0CPM3
                            152 	.globl _PCA0CPM2
                            153 	.globl _PCA0CPM1
                            154 	.globl _PCA0CPM0
                            155 	.globl _PCA0MD
                            156 	.globl _PCA0CN
                            157 	.globl _P0MAT
                            158 	.globl _P2SKIP
                            159 	.globl _P1SKIP
                            160 	.globl _P0SKIP
                            161 	.globl _PCA0CPH5
                            162 	.globl _PCA0CPL5
                            163 	.globl _REF0CN
                            164 	.globl _PSW
                            165 	.globl _P1MAT
                            166 	.globl _PCA0CPM5
                            167 	.globl _TMR2H
                            168 	.globl _TMR2L
                            169 	.globl _TMR2RLH
                            170 	.globl _TMR2RLL
                            171 	.globl _REG0CN
                            172 	.globl _TMR2CN
                            173 	.globl _P0MASK
                            174 	.globl _ADC0LTH
                            175 	.globl _ADC0LTL
                            176 	.globl _ADC0GTH
                            177 	.globl _ADC0GTL
                            178 	.globl _SMB0DAT
                            179 	.globl _SMB0CF
                            180 	.globl _SMB0CN
                            181 	.globl _P1MASK
                            182 	.globl _ADC0H
                            183 	.globl _ADC0L
                            184 	.globl _ADC0TK
                            185 	.globl _ADC0CF
                            186 	.globl _ADC0MX
                            187 	.globl _ADC0PWR
                            188 	.globl _ADC0AC
                            189 	.globl _IREF0CN
                            190 	.globl _IP
                            191 	.globl _FLKEY
                            192 	.globl _FLSCL
                            193 	.globl _PMU0CF
                            194 	.globl _OSCICL
                            195 	.globl _OSCICN
                            196 	.globl _OSCXCN
                            197 	.globl _SPI1CN
                            198 	.globl _ONESHOT
                            199 	.globl _EMI0TC
                            200 	.globl _RTC0KEY
                            201 	.globl _RTC0DAT
                            202 	.globl _RTC0ADR
                            203 	.globl _EMI0CF
                            204 	.globl _EMI0CN
                            205 	.globl _CLKSEL
                            206 	.globl _IE
                            207 	.globl _SFRPAGE
                            208 	.globl _P2DRV
                            209 	.globl _P2MDOUT
                            210 	.globl _P1DRV
                            211 	.globl _P1MDOUT
                            212 	.globl _P0DRV
                            213 	.globl _P0MDOUT
                            214 	.globl _SPI0DAT
                            215 	.globl _SPI0CKR
                            216 	.globl _SPI0CFG
                            217 	.globl _P2
                            218 	.globl _CPT0MX
                            219 	.globl _CPT1MX
                            220 	.globl _CPT0MD
                            221 	.globl _CPT1MD
                            222 	.globl _CPT0CN
                            223 	.globl _CPT1CN
                            224 	.globl _SBUF0
                            225 	.globl _SCON0
                            226 	.globl _CRC0CNT
                            227 	.globl _DC0CN
                            228 	.globl _CRC0AUTO
                            229 	.globl _DC0CF
                            230 	.globl _TMR3H
                            231 	.globl _CRC0FLIP
                            232 	.globl _TMR3L
                            233 	.globl _CRC0IN
                            234 	.globl _TMR3RLH
                            235 	.globl _CRC0CN
                            236 	.globl _TMR3RLL
                            237 	.globl _CRC0DAT
                            238 	.globl _TMR3CN
                            239 	.globl _P1
                            240 	.globl _PSCTL
                            241 	.globl _CKCON
                            242 	.globl _TH1
                            243 	.globl _TH0
                            244 	.globl _TL1
                            245 	.globl _TL0
                            246 	.globl _TMOD
                            247 	.globl _TCON
                            248 	.globl _PCON
                            249 	.globl _TOFFH
                            250 	.globl _SPI1DAT
                            251 	.globl _TOFFL
                            252 	.globl _SPI1CKR
                            253 	.globl _SPI1CFG
                            254 	.globl _DPH
                            255 	.globl _DPL
                            256 	.globl _SP
                            257 	.globl _P0
                            258 	.globl _cout
                            259 	.globl _cin
                            260 ;--------------------------------------------------------
                            261 ; special function registers
                            262 ;--------------------------------------------------------
                            263 	.area RSEG    (ABS,DATA)
   0000                     264 	.org 0x0000
                     0080   265 _P0	=	0x0080
                     0081   266 _SP	=	0x0081
                     0082   267 _DPL	=	0x0082
                     0083   268 _DPH	=	0x0083
                     0084   269 _SPI1CFG	=	0x0084
                     0085   270 _SPI1CKR	=	0x0085
                     0085   271 _TOFFL	=	0x0085
                     0086   272 _SPI1DAT	=	0x0086
                     0086   273 _TOFFH	=	0x0086
                     0087   274 _PCON	=	0x0087
                     0088   275 _TCON	=	0x0088
                     0089   276 _TMOD	=	0x0089
                     008A   277 _TL0	=	0x008a
                     008B   278 _TL1	=	0x008b
                     008C   279 _TH0	=	0x008c
                     008D   280 _TH1	=	0x008d
                     008E   281 _CKCON	=	0x008e
                     008F   282 _PSCTL	=	0x008f
                     0090   283 _P1	=	0x0090
                     0091   284 _TMR3CN	=	0x0091
                     0091   285 _CRC0DAT	=	0x0091
                     0092   286 _TMR3RLL	=	0x0092
                     0092   287 _CRC0CN	=	0x0092
                     0093   288 _TMR3RLH	=	0x0093
                     0093   289 _CRC0IN	=	0x0093
                     0094   290 _TMR3L	=	0x0094
                     0095   291 _CRC0FLIP	=	0x0095
                     0095   292 _TMR3H	=	0x0095
                     0096   293 _DC0CF	=	0x0096
                     0096   294 _CRC0AUTO	=	0x0096
                     0097   295 _DC0CN	=	0x0097
                     0097   296 _CRC0CNT	=	0x0097
                     0098   297 _SCON0	=	0x0098
                     0099   298 _SBUF0	=	0x0099
                     009A   299 _CPT1CN	=	0x009a
                     009B   300 _CPT0CN	=	0x009b
                     009C   301 _CPT1MD	=	0x009c
                     009D   302 _CPT0MD	=	0x009d
                     009E   303 _CPT1MX	=	0x009e
                     009F   304 _CPT0MX	=	0x009f
                     00A0   305 _P2	=	0x00a0
                     00A1   306 _SPI0CFG	=	0x00a1
                     00A2   307 _SPI0CKR	=	0x00a2
                     00A3   308 _SPI0DAT	=	0x00a3
                     00A4   309 _P0MDOUT	=	0x00a4
                     00A4   310 _P0DRV	=	0x00a4
                     00A5   311 _P1MDOUT	=	0x00a5
                     00A5   312 _P1DRV	=	0x00a5
                     00A6   313 _P2MDOUT	=	0x00a6
                     00A6   314 _P2DRV	=	0x00a6
                     00A7   315 _SFRPAGE	=	0x00a7
                     00A8   316 _IE	=	0x00a8
                     00A9   317 _CLKSEL	=	0x00a9
                     00AA   318 _EMI0CN	=	0x00aa
                     00AB   319 _EMI0CF	=	0x00ab
                     00AC   320 _RTC0ADR	=	0x00ac
                     00AD   321 _RTC0DAT	=	0x00ad
                     00AE   322 _RTC0KEY	=	0x00ae
                     00AF   323 _EMI0TC	=	0x00af
                     00AF   324 _ONESHOT	=	0x00af
                     00B0   325 _SPI1CN	=	0x00b0
                     00B1   326 _OSCXCN	=	0x00b1
                     00B2   327 _OSCICN	=	0x00b2
                     00B3   328 _OSCICL	=	0x00b3
                     00B5   329 _PMU0CF	=	0x00b5
                     00B6   330 _FLSCL	=	0x00b6
                     00B7   331 _FLKEY	=	0x00b7
                     00B8   332 _IP	=	0x00b8
                     00B9   333 _IREF0CN	=	0x00b9
                     00BA   334 _ADC0AC	=	0x00ba
                     00BA   335 _ADC0PWR	=	0x00ba
                     00BB   336 _ADC0MX	=	0x00bb
                     00BC   337 _ADC0CF	=	0x00bc
                     00BD   338 _ADC0TK	=	0x00bd
                     00BD   339 _ADC0L	=	0x00bd
                     00BE   340 _ADC0H	=	0x00be
                     00BF   341 _P1MASK	=	0x00bf
                     00C0   342 _SMB0CN	=	0x00c0
                     00C1   343 _SMB0CF	=	0x00c1
                     00C2   344 _SMB0DAT	=	0x00c2
                     00C3   345 _ADC0GTL	=	0x00c3
                     00C4   346 _ADC0GTH	=	0x00c4
                     00C5   347 _ADC0LTL	=	0x00c5
                     00C6   348 _ADC0LTH	=	0x00c6
                     00C7   349 _P0MASK	=	0x00c7
                     00C8   350 _TMR2CN	=	0x00c8
                     00C9   351 _REG0CN	=	0x00c9
                     00CA   352 _TMR2RLL	=	0x00ca
                     00CB   353 _TMR2RLH	=	0x00cb
                     00CC   354 _TMR2L	=	0x00cc
                     00CD   355 _TMR2H	=	0x00cd
                     00CE   356 _PCA0CPM5	=	0x00ce
                     00CF   357 _P1MAT	=	0x00cf
                     00D0   358 _PSW	=	0x00d0
                     00D1   359 _REF0CN	=	0x00d1
                     00D2   360 _PCA0CPL5	=	0x00d2
                     00D3   361 _PCA0CPH5	=	0x00d3
                     00D4   362 _P0SKIP	=	0x00d4
                     00D5   363 _P1SKIP	=	0x00d5
                     00D6   364 _P2SKIP	=	0x00d6
                     00D7   365 _P0MAT	=	0x00d7
                     00D8   366 _PCA0CN	=	0x00d8
                     00D9   367 _PCA0MD	=	0x00d9
                     00DA   368 _PCA0CPM0	=	0x00da
                     00DB   369 _PCA0CPM1	=	0x00db
                     00DC   370 _PCA0CPM2	=	0x00dc
                     00DD   371 _PCA0CPM3	=	0x00dd
                     00DE   372 _PCA0CPM4	=	0x00de
                     00DF   373 _PCA0PWM	=	0x00df
                     00E0   374 _ACC	=	0x00e0
                     00E1   375 _XBR0	=	0x00e1
                     00E2   376 _XBR1	=	0x00e2
                     00E3   377 _XBR2	=	0x00e3
                     00E4   378 _IT01CF	=	0x00e4
                     00E5   379 _FLWR	=	0x00e5
                     00E6   380 _EIE1	=	0x00e6
                     00E7   381 _EIE2	=	0x00e7
                     00E8   382 _ADC0CN	=	0x00e8
                     00E9   383 _PCA0CPL1	=	0x00e9
                     00EA   384 _PCA0CPH1	=	0x00ea
                     00EB   385 _PCA0CPL2	=	0x00eb
                     00EC   386 _PCA0CPH2	=	0x00ec
                     00ED   387 _PCA0CPL3	=	0x00ed
                     00EE   388 _PCA0CPH3	=	0x00ee
                     00EF   389 _RSTSRC	=	0x00ef
                     00F0   390 _B	=	0x00f0
                     00F1   391 _P0MDIN	=	0x00f1
                     00F2   392 _P1MDIN	=	0x00f2
                     00F3   393 _P2MDIN	=	0x00f3
                     00F4   394 _SMB0ADR	=	0x00f4
                     00F5   395 _SMB0ADM	=	0x00f5
                     00F6   396 _EIP1	=	0x00f6
                     00F7   397 _EIP2	=	0x00f7
                     00F8   398 _SPI0CN	=	0x00f8
                     00F9   399 _PCA0L	=	0x00f9
                     00FA   400 _PCA0H	=	0x00fa
                     00FB   401 _PCA0CPL0	=	0x00fb
                     00FC   402 _PCA0CPH0	=	0x00fc
                     00FD   403 _PCA0CPL4	=	0x00fd
                     00FE   404 _PCA0CPH4	=	0x00fe
                     00FF   405 _VDM0CN	=	0x00ff
                     8382   406 _DP	=	0x8382
                     8685   407 _TOFF	=	0x8685
                     9392   408 _TMR3RL	=	0x9392
                     9594   409 _TMR3	=	0x9594
                     BEBD   410 _ADC0	=	0xbebd
                     C4C3   411 _ADC0GT	=	0xc4c3
                     C6C5   412 _ADC0LT	=	0xc6c5
                     CBCA   413 _TMR2RL	=	0xcbca
                     CDCC   414 _TMR2	=	0xcdcc
                     D3D2   415 _PCA0CP5	=	0xd3d2
                     EAE9   416 _PCA0CP1	=	0xeae9
                     ECEB   417 _PCA0CP2	=	0xeceb
                     EEED   418 _PCA0CP3	=	0xeeed
                     FAF9   419 _PCA0	=	0xfaf9
                     FCFB   420 _PCA0CP0	=	0xfcfb
                     FEFD   421 _PCA0CP4	=	0xfefd
                            422 ;--------------------------------------------------------
                            423 ; special function bits
                            424 ;--------------------------------------------------------
                            425 	.area RSEG    (ABS,DATA)
   0000                     426 	.org 0x0000
                     008F   427 _TF1	=	0x008f
                     008E   428 _TR1	=	0x008e
                     008D   429 _TF0	=	0x008d
                     008C   430 _TR0	=	0x008c
                     008B   431 _IE1	=	0x008b
                     008A   432 _IT1	=	0x008a
                     0089   433 _IE0	=	0x0089
                     0088   434 _IT0	=	0x0088
                     0096   435 _CRC0SEL	=	0x0096
                     0095   436 _CRC0INIT	=	0x0095
                     0094   437 _CRC0VAL	=	0x0094
                     009F   438 _S0MODE	=	0x009f
                     009D   439 _MCE0	=	0x009d
                     009C   440 _REN0	=	0x009c
                     009B   441 _TB80	=	0x009b
                     009A   442 _RB80	=	0x009a
                     0099   443 _TI0	=	0x0099
                     0098   444 _RI0	=	0x0098
                     00AF   445 _EA	=	0x00af
                     00AE   446 _ESPI0	=	0x00ae
                     00AD   447 _ET2	=	0x00ad
                     00AC   448 _ES0	=	0x00ac
                     00AB   449 _ET1	=	0x00ab
                     00AA   450 _EX1	=	0x00aa
                     00A9   451 _ET0	=	0x00a9
                     00A8   452 _EX0	=	0x00a8
                     00B7   453 _SPIF1	=	0x00b7
                     00B6   454 _WCOL1	=	0x00b6
                     00B5   455 _MODF1	=	0x00b5
                     00B4   456 _RXOVRN1	=	0x00b4
                     00B3   457 _NSS1MD1	=	0x00b3
                     00B2   458 _NSS1MD0	=	0x00b2
                     00B1   459 _TXBMT1	=	0x00b1
                     00B0   460 _SPI1EN	=	0x00b0
                     00BE   461 _PSPI0	=	0x00be
                     00BD   462 _PT2	=	0x00bd
                     00BC   463 _PS0	=	0x00bc
                     00BB   464 _PT1	=	0x00bb
                     00BA   465 _PX1	=	0x00ba
                     00B9   466 _PT0	=	0x00b9
                     00B8   467 _PX0	=	0x00b8
                     00C7   468 _MASTER	=	0x00c7
                     00C6   469 _TXMODE	=	0x00c6
                     00C5   470 _STA	=	0x00c5
                     00C4   471 _STO	=	0x00c4
                     00C3   472 _ACKRQ	=	0x00c3
                     00C2   473 _ARBLOST	=	0x00c2
                     00C1   474 _ACK	=	0x00c1
                     00C0   475 _SI	=	0x00c0
                     00CF   476 _TF2H	=	0x00cf
                     00CE   477 _TF2L	=	0x00ce
                     00CD   478 _TF2LEN	=	0x00cd
                     00CC   479 _TF2CEN	=	0x00cc
                     00CB   480 _T2SPLIT	=	0x00cb
                     00CA   481 _TR2	=	0x00ca
                     00C9   482 _T2RCLK	=	0x00c9
                     00C8   483 _T2XCLK	=	0x00c8
                     00D7   484 _CY	=	0x00d7
                     00D6   485 _AC	=	0x00d6
                     00D5   486 _F0	=	0x00d5
                     00D4   487 _RS1	=	0x00d4
                     00D3   488 _RS0	=	0x00d3
                     00D2   489 _OV	=	0x00d2
                     00D1   490 _F1	=	0x00d1
                     00D0   491 _P	=	0x00d0
                     00DF   492 _CF	=	0x00df
                     00DE   493 _CR	=	0x00de
                     00DD   494 _CCF5	=	0x00dd
                     00DC   495 _CCF4	=	0x00dc
                     00DB   496 _CCF3	=	0x00db
                     00DA   497 _CCF2	=	0x00da
                     00D9   498 _CCF1	=	0x00d9
                     00D8   499 _CCF0	=	0x00d8
                     00EF   500 _AD0EN	=	0x00ef
                     00EE   501 _BURSTEN	=	0x00ee
                     00ED   502 _AD0INT	=	0x00ed
                     00EC   503 _AD0BUSY	=	0x00ec
                     00EB   504 _AD0WINT	=	0x00eb
                     00EA   505 _AD0CM2	=	0x00ea
                     00E9   506 _AD0CM1	=	0x00e9
                     00E8   507 _AD0CM0	=	0x00e8
                     00FF   508 _SPIF0	=	0x00ff
                     00FE   509 _WCOL0	=	0x00fe
                     00FD   510 _MODF0	=	0x00fd
                     00FC   511 _RXOVRN0	=	0x00fc
                     00FB   512 _NSS0MD1	=	0x00fb
                     00FA   513 _NSS0MD0	=	0x00fa
                     00F9   514 _TXBMT0	=	0x00f9
                     00F8   515 _SPI0EN	=	0x00f8
                            516 ;--------------------------------------------------------
                            517 ; overlayable register banks
                            518 ;--------------------------------------------------------
                            519 	.area REG_BANK_0	(REL,OVR,DATA)
   0000                     520 	.ds 8
                            521 ;--------------------------------------------------------
                            522 ; internal ram data
                            523 ;--------------------------------------------------------
                            524 	.area DSEG    (DATA)
                            525 ;--------------------------------------------------------
                            526 ; overlayable items in internal ram 
                            527 ;--------------------------------------------------------
                            528 	.area	OSEG    (OVR,DATA)
                            529 ;--------------------------------------------------------
                            530 ; indirectly addressable internal ram data
                            531 ;--------------------------------------------------------
                            532 	.area ISEG    (DATA)
                            533 ;--------------------------------------------------------
                            534 ; absolute internal ram data
                            535 ;--------------------------------------------------------
                            536 	.area IABS    (ABS,DATA)
                            537 	.area IABS    (ABS,DATA)
                            538 ;--------------------------------------------------------
                            539 ; bit data
                            540 ;--------------------------------------------------------
                            541 	.area BSEG    (BIT)
                            542 ;--------------------------------------------------------
                            543 ; paged external ram data
                            544 ;--------------------------------------------------------
                            545 	.area PSEG    (PAG,XDATA)
                            546 ;--------------------------------------------------------
                            547 ; external ram data
                            548 ;--------------------------------------------------------
                            549 	.area XSEG    (XDATA)
                            550 ;--------------------------------------------------------
                            551 ; absolute external ram data
                            552 ;--------------------------------------------------------
                            553 	.area XABS    (ABS,XDATA)
                            554 ;--------------------------------------------------------
                            555 ; external initialized ram data
                            556 ;--------------------------------------------------------
                            557 	.area HOME    (CODE)
                            558 	.area GSINIT0 (CODE)
                            559 	.area GSINIT1 (CODE)
                            560 	.area GSINIT2 (CODE)
                            561 	.area GSINIT3 (CODE)
                            562 	.area GSINIT4 (CODE)
                            563 	.area GSINIT5 (CODE)
                            564 	.area GSINIT  (CODE)
                            565 	.area GSFINAL (CODE)
                            566 	.area CSEG    (CODE)
                            567 ;--------------------------------------------------------
                            568 ; global & static initialisations
                            569 ;--------------------------------------------------------
                            570 	.area HOME    (CODE)
                            571 	.area GSINIT  (CODE)
                            572 	.area GSFINAL (CODE)
                            573 	.area GSINIT  (CODE)
                            574 ;--------------------------------------------------------
                            575 ; Home
                            576 ;--------------------------------------------------------
                            577 	.area HOME    (CODE)
                            578 	.area HOME    (CODE)
                            579 ;--------------------------------------------------------
                            580 ; code
                            581 ;--------------------------------------------------------
                            582 	.area CSEG    (CODE)
                            583 ;------------------------------------------------------------
                            584 ;Allocation info for local variables in function 'cout'
                            585 ;------------------------------------------------------------
                            586 ;c                         Allocated to registers r7 
                            587 ;------------------------------------------------------------
                            588 ;	bootloader/util.c:46: cout(uint8_t c)
                            589 ;	-----------------------------------------
                            590 ;	 function cout
                            591 ;	-----------------------------------------
   0000                     592 _cout:
                     0007   593 	ar7 = 0x07
                     0006   594 	ar6 = 0x06
                     0005   595 	ar5 = 0x05
                     0004   596 	ar4 = 0x04
                     0003   597 	ar3 = 0x03
                     0002   598 	ar2 = 0x02
                     0001   599 	ar1 = 0x01
                     0000   600 	ar0 = 0x00
   0000 AF 82         [24]  601 	mov	r7,dpl
                            602 ;	bootloader/util.c:48: while (!TI0)
   0002                     603 00101$:
                            604 ;	bootloader/util.c:50: TI0 = 0;
   0002 10 99 02      [24]  605 	jbc	_TI0,00112$
   0005 80 FB         [24]  606 	sjmp	00101$
   0007                     607 00112$:
                            608 ;	bootloader/util.c:51: SBUF0 = c;
   0007 8F 99         [24]  609 	mov	_SBUF0,r7
   0009 22            [24]  610 	ret
                            611 ;------------------------------------------------------------
                            612 ;Allocation info for local variables in function 'cin'
                            613 ;------------------------------------------------------------
                            614 ;	bootloader/util.c:55: cin(void)
                            615 ;	-----------------------------------------
                            616 ;	 function cin
                            617 ;	-----------------------------------------
   000A                     618 _cin:
                            619 ;	bootloader/util.c:57: while (!RI0)
   000A                     620 00101$:
                            621 ;	bootloader/util.c:59: RI0 = 0;
   000A 10 98 02      [24]  622 	jbc	_RI0,00112$
   000D 80 FB         [24]  623 	sjmp	00101$
   000F                     624 00112$:
                            625 ;	bootloader/util.c:60: return SBUF0;
   000F 85 99 82      [24]  626 	mov	dpl,_SBUF0
   0012 22            [24]  627 	ret
                            628 	.area CSEG    (CODE)
                            629 	.area CONST   (CODE)
                            630 	.area CABS    (ABS,CODE)
